mode: set
gobot.io/x/gobot/platforms/tinkerboard/adaptor.go:30.28,38.2 3 1
gobot.io/x/gobot/platforms/tinkerboard/adaptor.go:41.33,41.50 1 1
gobot.io/x/gobot/platforms/tinkerboard/adaptor.go:44.37,44.51 1 1
gobot.io/x/gobot/platforms/tinkerboard/adaptor.go:47.41,49.2 1 1
gobot.io/x/gobot/platforms/tinkerboard/adaptor.go:52.42,56.36 3 1
gobot.io/x/gobot/platforms/tinkerboard/adaptor.go:63.2,63.32 1 1
gobot.io/x/gobot/platforms/tinkerboard/adaptor.go:73.2,73.33 1 1
gobot.io/x/gobot/platforms/tinkerboard/adaptor.go:80.2,80.8 1 1
gobot.io/x/gobot/platforms/tinkerboard/adaptor.go:56.36,57.17 1 1
gobot.io/x/gobot/platforms/tinkerboard/adaptor.go:57.17,58.37 1 1
gobot.io/x/gobot/platforms/tinkerboard/adaptor.go:58.37,60.5 1 1
gobot.io/x/gobot/platforms/tinkerboard/adaptor.go:63.32,64.17 1 1
gobot.io/x/gobot/platforms/tinkerboard/adaptor.go:64.17,65.46 1 1
gobot.io/x/gobot/platforms/tinkerboard/adaptor.go:68.4,68.43 1 1
gobot.io/x/gobot/platforms/tinkerboard/adaptor.go:65.46,67.5 1 1
gobot.io/x/gobot/platforms/tinkerboard/adaptor.go:68.43,70.5 1 1
gobot.io/x/gobot/platforms/tinkerboard/adaptor.go:73.33,74.17 1 1
gobot.io/x/gobot/platforms/tinkerboard/adaptor.go:74.17,75.34 1 1
gobot.io/x/gobot/platforms/tinkerboard/adaptor.go:75.34,77.5 1 0
gobot.io/x/gobot/platforms/tinkerboard/adaptor.go:84.64,86.16 2 1
gobot.io/x/gobot/platforms/tinkerboard/adaptor.go:89.2,89.24 1 1
gobot.io/x/gobot/platforms/tinkerboard/adaptor.go:86.16,88.3 1 1
gobot.io/x/gobot/platforms/tinkerboard/adaptor.go:93.66,95.16 2 1
gobot.io/x/gobot/platforms/tinkerboard/adaptor.go:98.2,98.33 1 1
gobot.io/x/gobot/platforms/tinkerboard/adaptor.go:95.16,97.3 1 1
gobot.io/x/gobot/platforms/tinkerboard/adaptor.go:102.62,104.16 2 1
gobot.io/x/gobot/platforms/tinkerboard/adaptor.go:107.2,108.16 2 1
gobot.io/x/gobot/platforms/tinkerboard/adaptor.go:111.2,112.60 2 1
gobot.io/x/gobot/platforms/tinkerboard/adaptor.go:104.16,106.3 1 1
gobot.io/x/gobot/platforms/tinkerboard/adaptor.go:108.16,110.3 1 1
gobot.io/x/gobot/platforms/tinkerboard/adaptor.go:119.66,121.16 2 1
gobot.io/x/gobot/platforms/tinkerboard/adaptor.go:128.2,131.34 4 1
gobot.io/x/gobot/platforms/tinkerboard/adaptor.go:121.16,123.3 1 1
gobot.io/x/gobot/platforms/tinkerboard/adaptor.go:135.96,141.16 4 1
gobot.io/x/gobot/platforms/tinkerboard/adaptor.go:145.2,145.29 1 1
gobot.io/x/gobot/platforms/tinkerboard/adaptor.go:152.2,152.55 1 1
gobot.io/x/gobot/platforms/tinkerboard/adaptor.go:156.2,156.30 1 1
gobot.io/x/gobot/platforms/tinkerboard/adaptor.go:141.16,143.3 1 1
gobot.io/x/gobot/platforms/tinkerboard/adaptor.go:145.29,147.50 2 1
gobot.io/x/gobot/platforms/tinkerboard/adaptor.go:147.50,149.4 1 1
gobot.io/x/gobot/platforms/tinkerboard/adaptor.go:152.55,154.3 1 0
gobot.io/x/gobot/platforms/tinkerboard/adaptor.go:160.76,165.16 4 1
gobot.io/x/gobot/platforms/tinkerboard/adaptor.go:168.2,168.13 1 1
gobot.io/x/gobot/platforms/tinkerboard/adaptor.go:172.2,172.25 1 1
gobot.io/x/gobot/platforms/tinkerboard/adaptor.go:193.2,194.8 2 1
gobot.io/x/gobot/platforms/tinkerboard/adaptor.go:165.16,167.3 1 1
gobot.io/x/gobot/platforms/tinkerboard/adaptor.go:168.13,170.3 1 1
gobot.io/x/gobot/platforms/tinkerboard/adaptor.go:172.25,174.40 2 1
gobot.io/x/gobot/platforms/tinkerboard/adaptor.go:178.3,178.45 1 1
gobot.io/x/gobot/platforms/tinkerboard/adaptor.go:181.3,181.53 1 1
gobot.io/x/gobot/platforms/tinkerboard/adaptor.go:184.3,184.44 1 1
gobot.io/x/gobot/platforms/tinkerboard/adaptor.go:187.3,187.51 1 1
gobot.io/x/gobot/platforms/tinkerboard/adaptor.go:190.3,190.24 1 1
gobot.io/x/gobot/platforms/tinkerboard/adaptor.go:174.40,176.4 1 1
gobot.io/x/gobot/platforms/tinkerboard/adaptor.go:178.45,180.4 1 0
gobot.io/x/gobot/platforms/tinkerboard/adaptor.go:181.53,183.4 1 0
gobot.io/x/gobot/platforms/tinkerboard/adaptor.go:184.44,186.4 1 0
gobot.io/x/gobot/platforms/tinkerboard/adaptor.go:187.51,189.4 1 0
gobot.io/x/gobot/platforms/tinkerboard/adaptor.go:199.94,203.28 3 1
gobot.io/x/gobot/platforms/tinkerboard/adaptor.go:206.2,206.28 1 1
gobot.io/x/gobot/platforms/tinkerboard/adaptor.go:209.2,209.57 1 1
gobot.io/x/gobot/platforms/tinkerboard/adaptor.go:203.28,205.3 1 1
gobot.io/x/gobot/platforms/tinkerboard/adaptor.go:206.28,208.3 1 1
gobot.io/x/gobot/platforms/tinkerboard/adaptor.go:213.39,215.2 1 1
gobot.io/x/gobot/platforms/tinkerboard/adaptor.go:217.29,221.2 3 1
gobot.io/x/gobot/platforms/tinkerboard/adaptor.go:223.63,224.34 1 1
gobot.io/x/gobot/platforms/tinkerboard/adaptor.go:229.2,229.8 1 1
gobot.io/x/gobot/platforms/tinkerboard/adaptor.go:224.34,226.3 1 1
gobot.io/x/gobot/platforms/tinkerboard/adaptor.go:226.3,228.3 1 1
gobot.io/x/gobot/platforms/tinkerboard/adaptor.go:232.66,233.34 1 1
gobot.io/x/gobot/platforms/tinkerboard/adaptor.go:238.2,238.8 1 1
gobot.io/x/gobot/platforms/tinkerboard/adaptor.go:233.34,235.3 1 1
gobot.io/x/gobot/platforms/tinkerboard/adaptor.go:235.3,237.3 1 1
